0 info it worked if it ends with ok
1 verbose cli [ '/home/lichine/.nvm/versions/node/v7.0.0/bin/node',
1 verbose cli   '/home/lichine/.nvm/versions/node/v7.0.0/bin/npm',
1 verbose cli   'publish' ]
2 info using npm@4.0.3
3 info using node@v7.0.0
4 verbose publish [ '.' ]
5 silly cache add args [ '.', null ]
6 verbose cache add spec .
7 silly cache add parsed spec Result {
7 silly cache add   raw: '.',
7 silly cache add   scope: null,
7 silly cache add   escapedName: null,
7 silly cache add   name: null,
7 silly cache add   rawSpec: '.',
7 silly cache add   spec: '/home/lichine/Sandbox/yui/src/scss',
7 silly cache add   type: 'directory' }
8 verbose addLocalDirectory /home/lichine/.npm/ash-css-toolkit/0.1.0/package.tgz not in flight; packing
9 verbose correctMkdir /home/lichine/.npm correctMkdir not in flight; initializing
10 info lifecycle ash-css-toolkit@0.1.0~prepublish: ash-css-toolkit@0.1.0
11 silly lifecycle ash-css-toolkit@0.1.0~prepublish: no script for prepublish, continuing
12 info lifecycle ash-css-toolkit@0.1.0~prepare: ash-css-toolkit@0.1.0
13 silly lifecycle ash-css-toolkit@0.1.0~prepare: no script for prepare, continuing
14 verbose tar pack [ '/home/lichine/.npm/ash-css-toolkit/0.1.0/package.tgz',
14 verbose tar pack   '/home/lichine/Sandbox/yui/src/scss' ]
15 verbose tarball /home/lichine/.npm/ash-css-toolkit/0.1.0/package.tgz
16 verbose folder /home/lichine/Sandbox/yui/src/scss
17 verbose addLocalTarball adding from inside cache /home/lichine/.npm/ash-css-toolkit/0.1.0/package.tgz
18 verbose correctMkdir /home/lichine/.npm correctMkdir not in flight; initializing
19 silly cache afterAdd ash-css-toolkit@0.1.0
20 verbose afterAdd /home/lichine/.npm/ash-css-toolkit/0.1.0/package/package.json not in flight; writing
21 verbose correctMkdir /home/lichine/.npm correctMkdir not in flight; initializing
22 verbose afterAdd /home/lichine/.npm/ash-css-toolkit/0.1.0/package/package.json written
23 silly publish { name: 'ash-css-toolkit',
23 silly publish   description: 'Additional functional CSS classes to accompany Basscss.',
23 silly publish   author: { name: 'Anders Schmidt Hansen' },
23 silly publish   version: '0.1.0',
23 silly publish   main: 'index.js',
23 silly publish   files: [ 'index.js', 'animations.scss' ],
23 silly publish   scripts: { test: 'ava' },
23 silly publish   repository:
23 silly publish    { type: 'git',
23 silly publish      url: 'git+https://github.com/andersschmidthansen/ash-css-toolkit.git' },
23 silly publish   keywords: [],
23 silly publish   license: 'MIT',
23 silly publish   dependencies: {},
23 silly publish   devDependencies: { ava: '*' },
23 silly publish   readme: '# ash-css-toolkit [![Build Status](https://secure.travis-ci.org/AndersSchmidtHansen/ash-css-toolkit.svg?branch=master)](https://travis-ci.org/AndersSchmidtHansen/ash-css-toolkit) [![js-standard-style](https://img.shields.io/badge/code%20style-standard-brightgreen.svg?style=flat)](https://github.com/feross/standard)\n\nAdditional functional CSS classes to accompany Basscss.\n\n## Installation\n\n```bash\nnpm install --save ash-css-toolkit\n```\n\n## Usage\n\n```javascript\n@import \'path/to/ash-css-toolkit\'\n```\n\n## License\n\nMIT\n\n## Contributing\n\n1. Fork it\n2. Create your feature branch (`git checkout -b my-new-feature`)\n3. Commit your changes (`git commit -am \'Add some feature\'`)\n4. Push to the branch (`git push origin my-new-feature`)\n5. Create new Pull Request\n\nCrafted with <3 by Anders Schmidt Hansen ([@lichine](https://twitter.com/lichine)).\n\n***\n\n> This package was initially generated with [yeoman](http://yeoman.io) and the [p generator](https://github.com/johnotander/generator-p.git).\n',
23 silly publish   readmeFilename: 'readme.md',
23 silly publish   gitHead: '43b6623bb4096177b36aa0b056cb60772d983e33',
23 silly publish   bugs: { url: 'https://github.com/andersschmidthansen/ash-css-toolkit/issues' },
23 silly publish   homepage: 'https://github.com/andersschmidthansen/ash-css-toolkit#readme',
23 silly publish   _id: 'ash-css-toolkit@0.1.0',
23 silly publish   _shasum: '2743893a43900b894bc3cf9ee2f35d3bab180329',
23 silly publish   _from: '.' }
24 info lifecycle ash-css-toolkit@0.1.0~prepublishOnly: ash-css-toolkit@0.1.0
25 silly lifecycle ash-css-toolkit@0.1.0~prepublishOnly: no script for prepublishOnly, continuing
26 verbose getPublishConfig undefined
27 silly mapToRegistry name ash-css-toolkit
28 silly mapToRegistry using default registry
29 silly mapToRegistry registry https://registry.npmjs.org/
30 silly mapToRegistry data Result {
30 silly mapToRegistry   raw: 'ash-css-toolkit',
30 silly mapToRegistry   scope: null,
30 silly mapToRegistry   escapedName: 'ash-css-toolkit',
30 silly mapToRegistry   name: 'ash-css-toolkit',
30 silly mapToRegistry   rawSpec: '',
30 silly mapToRegistry   spec: 'latest',
30 silly mapToRegistry   type: 'tag' }
31 silly mapToRegistry uri https://registry.npmjs.org/ash-css-toolkit
32 verbose publish registryBase https://registry.npmjs.org/
33 silly publish uploading /home/lichine/.npm/ash-css-toolkit/0.1.0/package.tgz
34 verbose request uri https://registry.npmjs.org/ash-css-toolkit
35 verbose request sending authorization for write operation
36 info attempt registry request try #1 at 23:53:33
37 verbose request using bearer token for auth
38 verbose request id de995b8bdd1e1aea
39 http request PUT https://registry.npmjs.org/ash-css-toolkit
40 http 403 https://registry.npmjs.org/ash-css-toolkit
41 verbose headers { 'content-type': 'application/json',
41 verbose headers   'cache-control': 'max-age=300',
41 verbose headers   'content-length': '95',
41 verbose headers   'accept-ranges': 'bytes',
41 verbose headers   date: 'Sun, 26 Feb 2017 22:53:34 GMT',
41 verbose headers   via: '1.1 varnish',
41 verbose headers   connection: 'keep-alive',
41 verbose headers   'x-served-by': 'cache-bma7024-BMA',
41 verbose headers   'x-cache': 'MISS',
41 verbose headers   'x-cache-hits': '0',
41 verbose headers   'x-timer': 'S1488149613.090644,VS0,VE1093',
41 verbose headers   vary: 'Accept-Encoding' }
42 verbose request invalidating /home/lichine/.npm/registry.npmjs.org/ash-css-toolkit on PUT
43 error publish Failed PUT 403
44 verbose stack Error: "You cannot publish over the previously published version 0.1.0." : ash-css-toolkit
44 verbose stack     at makeError (/home/lichine/.nvm/versions/node/v7.0.0/lib/node_modules/npm/node_modules/npm-registry-client/lib/request.js:302:12)
44 verbose stack     at CachingRegistryClient.<anonymous> (/home/lichine/.nvm/versions/node/v7.0.0/lib/node_modules/npm/node_modules/npm-registry-client/lib/request.js:290:14)
44 verbose stack     at Request._callback (/home/lichine/.nvm/versions/node/v7.0.0/lib/node_modules/npm/node_modules/npm-registry-client/lib/request.js:210:14)
44 verbose stack     at Request.self.callback (/home/lichine/.nvm/versions/node/v7.0.0/lib/node_modules/npm/node_modules/request/request.js:186:22)
44 verbose stack     at emitTwo (events.js:106:13)
44 verbose stack     at Request.emit (events.js:191:7)
44 verbose stack     at Request.<anonymous> (/home/lichine/.nvm/versions/node/v7.0.0/lib/node_modules/npm/node_modules/request/request.js:1081:10)
44 verbose stack     at emitOne (events.js:96:13)
44 verbose stack     at Request.emit (events.js:188:7)
44 verbose stack     at IncomingMessage.<anonymous> (/home/lichine/.nvm/versions/node/v7.0.0/lib/node_modules/npm/node_modules/request/request.js:1001:12)
45 verbose statusCode 403
46 verbose pkgid ash-css-toolkit
47 verbose cwd /home/lichine/Sandbox/yui/src/scss
48 error Linux 3.13.0-110-generic
49 error argv "/home/lichine/.nvm/versions/node/v7.0.0/bin/node" "/home/lichine/.nvm/versions/node/v7.0.0/bin/npm" "publish"
50 error node v7.0.0
51 error npm  v4.0.3
52 error code E403
53 error "You cannot publish over the previously published version 0.1.0." : ash-css-toolkit
54 error If you need help, you may report this error at:
54 error     <https://github.com/npm/npm/issues>
55 verbose exit [ 1, true ]
